#
# There is insufficient memory for the Java Runtime Environment to continue.
# Native memory allocation (mmap) failed to map 132120576 bytes for G1 virtual space
# Possible reasons:
#   The system is out of physical RAM or swap space
#   The process is running with CompressedOops enabled, and the Java Heap may be blocking the growth of the native heap
# Possible solutions:
#   Reduce memory load on the system
#   Increase physical memory or swap space
#   Check if swap backing store is full
#   Decrease Java heap size (-Xmx/-Xms)
#   Decrease number of Java threads
#   Decrease Java thread stack sizes (-Xss)
#   Set larger code cache with -XX:ReservedCodeCacheSize=
#   JVM is running with Unscaled Compressed Oops mode in which the Java heap is
#     placed in the first 4GB address space. The Java Heap base address is the
#     maximum limit for the native heap growth. Please use -XX:HeapBaseMinAddress
#     to set the Java Heap base and to place the Java Heap above 4GB virtual address.
# This output file may be truncated or incomplete.
#
#  Out of Memory Error (os_windows.cpp:3600), pid=13292, tid=10508
#
# JRE version:  (21.0+35) (build )
# Java VM: Java HotSpot(TM) 64-Bit Server VM (21+35-LTS-2513, mixed mode, sharing, tiered, compressed oops, compressed class ptrs, g1 gc, windows-amd64)
# No core dump will be written. Minidumps are not enabled by default on client versions of Windows
#

---------------  S U M M A R Y ------------

Command Line: -javaagent:C:\Program Files\JetBrains\IntelliJ IDEA Community Edition 2023.2.4\lib\idea_rt.jar=56285:C:\Program Files\JetBrains\IntelliJ IDEA Community Edition 2023.2.4\bin -Dfile.encoding=UTF-8 -Dsun.stdout.encoding=UTF-8 -Dsun.stderr.encoding=UTF-8 --module-path=C:\Users\Lenovo\.m2\repository\org\openjfx\javafx-base\19\javafx-base-19-win.jar;C:\Users\Lenovo\.m2\repository\org\openjfx\javafx-fxml\19\javafx-fxml-19-win.jar;C:\Users\Lenovo\.m2\repository\org\openjfx\javafx-controls\19\javafx-controls-19-win.jar;C:\Users\Lenovo\.m2\repository\org\openjfx\javafx-graphics\19\javafx-graphics-19-win.jar;C:\Users\Lenovo\IdeaProjects\new_shop\demo7\target\classes -Djdk.module.main=com.example.demo7 com.example.demo7/com.example.demo7.Main

Host: Intel(R) Core(TM) i7-1065G7 CPU @ 1.30GHz, 8 cores, 7G,  Windows 10 , 64 bit Build 19041 (10.0.19041.3636)
Time: Sat Dec  9 14:34:15 2023  Windows 10 , 64 bit Build 19041 (10.0.19041.3636) elapsed time: 0.035321 seconds (0d 0h 0m 0s)

---------------  T H R E A D  ---------------

Current thread (0x0000015aaef2e400):  JavaThread "Unknown thread" [_thread_in_vm, id=10508, stack(0x00000034fd900000,0x00000034fda00000) (1024K)]

Stack: [0x00000034fd900000,0x00000034fda00000]
Native frames: (J=compiled Java code, j=interpreted, Vv=VM code, C=native code)
V  [jvm.dll+0x6c8d39]
V  [jvm.dll+0x854091]
V  [jvm.dll+0x85630e]
V  [jvm.dll+0x8569e3]
V  [jvm.dll+0x2809a6]
V  [jvm.dll+0x6c5425]
V  [jvm.dll+0x6b9e1a]
V  [jvm.dll+0x3555ba]
V  [jvm.dll+0x35d206]
V  [jvm.dll+0x3adf6e]
V  [jvm.dll+0x3ae218]
V  [jvm.dll+0x328fcc]
V  [jvm.dll+0x329b5b]
V  [jvm.dll+0x81c699]
V  [jvm.dll+0x3bb2a1]
V  [jvm.dll+0x805688]
V  [jvm.dll+0x44ed9e]
V  [jvm.dll+0x4506a1]
C  [jli.dll+0x52a3]
C  [ucrtbase.dll+0x21bb2]
C  [KERNEL32.DLL+0x17344]
C  [ntdll.dll+0x526b1]


---------------  P R O C E S S  ---------------

Threads class SMR info:
_java_thread_list=0x00007ffb50e67b48, length=0, elements={
}

Java Threads: ( => current thread )
Total: 0

Other Threads:
  0x0000015aaf179f40 WorkerThread "GC Thread#0"                     [id=5088, stack(0x00000034fda00000,0x00000034fdb00000) (1024K)]
  0x0000015aaf18b740 ConcurrentGCThread "G1 Main Marker"            [id=7644, stack(0x00000034fdb00000,0x00000034fdc00000) (1024K)]
  0x0000015aaf18caa0 WorkerThread "G1 Conc#0"                       [id=15864, stack(0x00000034fdc00000,0x00000034fdd00000) (1024K)]

[error occurred during error reporting (printing all threads), id 0xc0000005, EXCEPTION_ACCESS_VIOLATION (0xc0000005) at pc=0x00007ffb505dc097]
VM state: not at safepoint (not fully initialized)

VM Mutex/Monitor currently owned by a thread:  ([mutex/lock_event])
[0x00007ffb50ed8648] Heap_lock - owner thread: 0x0000015aaef2e400

Heap address: 0x0000000083800000, size: 1992 MB, Compressed Oops mode: 32-bit

CDS archive(s) mapped at: [0x0000000000000000-0x0000000000000000-0x0000000000000000), size 0, SharedBaseAddress: 0x0000000800000000, ArchiveRelocationMode: 1.
Narrow klass base: 0x0000000000000000, Narrow klass shift: 0, Narrow klass range: 0x0

GC Precious Log:
 CardTable entry size: 512
 Card Set container configuration: InlinePtr #cards 5 size 8 Array Of Cards #cards 12 size 40 Howl #buckets 4 coarsen threshold 1843 Howl Bitmap #cards 512 size 80 coarsen threshold 460 Card regions per heap region 1 cards per card region 2048

Heap:
 garbage-first heap   total 0K, used 0K [0x0000000083800000, 0x0000000100000000)
  region size 1024K, 0 young (0K), 0 survivors (0K)

[error occurred during error reporting (printing heap information), id 0xc0000005, EXCEPTION_ACCESS_VIOLATION (0xc0000005) at pc=0x00007ffb509c1939]
GC Heap History (0 events):
No events

Dll operation events (1 events):
Event: 0.027 Loaded shared library C:\Program Files\Java\jdk-21\bin\java.dll

Deoptimization events (0 events):
No events

Classes loaded (0 events):
No events

Classes unloaded (0 events):
No events

Classes redefined (0 events):
No events

Internal exceptions (0 events):
No events

ZGC Phase Switch (0 events):
No events

VM Operations (0 events):
No events

Events (0 events):
No events


Dynamic libraries:
0x00007ff684e80000 - 0x00007ff684e90000 	C:\Program Files\Java\jdk-21\bin\java.exe
0x00007ffbbaa10000 - 0x00007ffbbac08000 	C:\Windows\SYSTEM32\ntdll.dll
0x00007ffbb9150000 - 0x00007ffbb920d000 	C:\Windows\System32\KERNEL32.DLL
0x00007ffbb8570000 - 0x00007ffbb8866000 	C:\Windows\System32\KERNELBASE.dll
0x00007ffbb83f0000 - 0x00007ffbb84f0000 	C:\Windows\System32\ucrtbase.dll
0x00007ffb8da20000 - 0x00007ffb8da3b000 	C:\Program Files\Java\jdk-21\bin\VCRUNTIME140.dll
0x00007ffb8d570000 - 0x00007ffb8d589000 	C:\Program Files\Java\jdk-21\bin\jli.dll
0x00007ffbba5a0000 - 0x00007ffbba64f000 	C:\Windows\System32\ADVAPI32.dll
0x00007ffbba840000 - 0x00007ffbba8de000 	C:\Windows\System32\msvcrt.dll
0x00007ffbb99d0000 - 0x00007ffbb9a6c000 	C:\Windows\System32\sechost.dll
0x00007ffbb9f60000 - 0x00007ffbba086000 	C:\Windows\System32\RPCRT4.dll
0x00007ffbba400000 - 0x00007ffbba59e000 	C:\Windows\System32\USER32.dll
0x00007ffbb8540000 - 0x00007ffbb8562000 	C:\Windows\System32\win32u.dll
0x00007ffbb8b20000 - 0x00007ffbb8b4c000 	C:\Windows\System32\GDI32.dll
0x00007ffbb8230000 - 0x00007ffbb834a000 	C:\Windows\System32\gdi32full.dll
0x00007ffbb8870000 - 0x00007ffbb890d000 	C:\Windows\System32\msvcp_win.dll
0x00007ffbadcd0000 - 0x00007ffbadcda000 	C:\Windows\SYSTEM32\VERSION.dll
0x00007ffba0be0000 - 0x00007ffba0e7a000 	C:\Windows\WinSxS\amd64_microsoft.windows.common-controls_6595b64144ccf1df_6.0.19041.3636_none_60b6a03d71f818d5\COMCTL32.dll
0x00007ffbb9050000 - 0x00007ffbb9080000 	C:\Windows\System32\IMM32.DLL
0x00007ffb8e720000 - 0x00007ffb8e72c000 	C:\Program Files\Java\jdk-21\bin\vcruntime140_1.dll
0x00007ffb71330000 - 0x00007ffb713be000 	C:\Program Files\Java\jdk-21\bin\msvcp140.dll
0x00007ffb502a0000 - 0x00007ffb50fb3000 	C:\Program Files\Java\jdk-21\bin\server\jvm.dll
0x00007ffbba390000 - 0x00007ffbba3fb000 	C:\Windows\System32\WS2_32.dll
0x00007ffbb7ea0000 - 0x00007ffbb7eeb000 	C:\Windows\SYSTEM32\POWRPROF.dll
0x00007ffba1170000 - 0x00007ffba1197000 	C:\Windows\SYSTEM32\WINMM.dll
0x00007ffbb7e80000 - 0x00007ffbb7e92000 	C:\Windows\SYSTEM32\UMPDC.dll
0x00007ffbb6940000 - 0x00007ffbb6952000 	C:\Windows\SYSTEM32\kernel.appcore.dll
0x00007ffb8e610000 - 0x00007ffb8e61a000 	C:\Program Files\Java\jdk-21\bin\jimage.dll
0x00007ffbb2280000 - 0x00007ffbb2464000 	C:\Windows\SYSTEM32\DBGHELP.DLL
0x00007ffb961f0000 - 0x00007ffb96224000 	C:\Windows\SYSTEM32\dbgcore.DLL
0x00007ffbb80f0000 - 0x00007ffbb8172000 	C:\Windows\System32\bcryptPrimitives.dll
0x00007ffb95d30000 - 0x00007ffb95d3f000 	C:\Program Files\Java\jdk-21\bin\instrument.dll
0x00007ffb8c1f0000 - 0x00007ffb8c20f000 	C:\Program Files\Java\jdk-21\bin\java.dll

dbghelp: loaded successfully - version: 4.0.5 - missing functions: none
symbol engine: initialized successfully - sym options: 0x614 - pdb path: .;C:\Program Files\Java\jdk-21\bin;C:\Windows\SYSTEM32;C:\Windows\WinSxS\amd64_microsoft.windows.common-controls_6595b64144ccf1df_6.0.19041.3636_none_60b6a03d71f818d5;C:\Program Files\Java\jdk-21\bin\server

VM Arguments:
jvm_args: -javaagent:C:\Program Files\JetBrains\IntelliJ IDEA Community Edition 2023.2.4\lib\idea_rt.jar=56285:C:\Program Files\JetBrains\IntelliJ IDEA Community Edition 2023.2.4\bin -Dfile.encoding=UTF-8 -Dsun.stdout.encoding=UTF-8 -Dsun.stderr.encoding=UTF-8 --module-path=C:\Users\Lenovo\.m2\repository\org\openjfx\javafx-base\19\javafx-base-19-win.jar;C:\Users\Lenovo\.m2\repository\org\openjfx\javafx-fxml\19\javafx-fxml-19-win.jar;C:\Users\Lenovo\.m2\repository\org\openjfx\javafx-controls\19\javafx-controls-19-win.jar;C:\Users\Lenovo\.m2\repository\org\openjfx\javafx-graphics\19\javafx-graphics-19-win.jar;C:\Users\Lenovo\IdeaProjects\new_shop\demo7\target\classes -Djdk.module.main=com.example.demo7 
java_command: com.example.demo7/com.example.demo7.Main
java_class_path (initial): C:\Users\Lenovo\.m2\repository\org\openjfx\javafx-controls\19\javafx-controls-19.jar;C:\Users\Lenovo\.m2\repository\org\openjfx\javafx-graphics\19\javafx-graphics-19.jar;C:\Users\Lenovo\.m2\repository\org\openjfx\javafx-base\19\javafx-base-19.jar;C:\Users\Lenovo\.m2\repository\org\openjfx\javafx-fxml\19\javafx-fxml-19.jar
Launcher Type: SUN_STANDARD

[Global flags]
     intx CICompilerCount                          = 4                                         {product} {ergonomic}
     uint ConcGCThreads                            = 2                                         {product} {ergonomic}
     uint G1ConcRefinementThreads                  = 8                                         {product} {ergonomic}
   size_t G1HeapRegionSize                         = 1048576                                   {product} {ergonomic}
    uintx GCDrainStackTargetSize                   = 64                                        {product} {ergonomic}
   size_t InitialHeapSize                          = 132120576                                 {product} {ergonomic}
   size_t MarkStackSize                            = 4194304                                   {product} {ergonomic}
   size_t MaxHeapSize                              = 2088763392                                {product} {ergonomic}
   size_t MinHeapDeltaBytes                        = 1048576                                   {product} {ergonomic}
   size_t MinHeapSize                              = 8388608                                   {product} {ergonomic}
    uintx NonNMethodCodeHeapSize                   = 5839372                                {pd product} {ergonomic}
    uintx NonProfiledCodeHeapSize                  = 122909434                              {pd product} {ergonomic}
    uintx ProfiledCodeHeapSize                     = 122909434                              {pd product} {ergonomic}
    uintx ReservedCodeCacheSize                    = 251658240                              {pd product} {ergonomic}
     bool SegmentedCodeCache                       = true                                      {product} {ergonomic}
   size_t SoftMaxHeapSize                          = 2088763392                             {manageable} {ergonomic}
     bool UseCompressedOops                        = true                           {product lp64_product} {ergonomic}
     bool UseG1GC                                  = true                                      {product} {ergonomic}
     bool UseLargePagesIndividualAllocation        = false                                  {pd product} {ergonomic}

Logging:
Log output configuration:
 #0: stdout all=warning uptime,level,tags foldmultilines=false
 #1: stderr all=off uptime,level,tags foldmultilines=false

Environment Variables:
PATH=C:\Program Files\Common Files\Oracle\Java\javapath;C:\Python311\Scripts\;C:\Python311\;C:\ProgramData\Oracle\Java\javapath;C:\Windows\system32;C:\Windows;C:\Windows\System32\Wbem;C:\Windows\System32\WindowsPowerShell\v1.0\;C:\Windows\System32\OpenSSH\;C:\Program Files\Microsoft SQL Server\150\Tools\Binn\;C:\Program Files\Microsoft SQL Server\Client SDK\ODBC\170\Tools\Binn\;C:\Program Files\dotnet\;C:\Program Files\nodejs\;C:\ProgramData\chocolatey\bin;C:\Program Files\Git\cmd;C:\Users\Lenovo\AppData\Local\Microsoft\WindowsApps;;C:\Users\Lenovo\AppData\Local\Programs\Microsoft VS Code\bin;C:\Users\Lenovo\.dotnet\tools;C:\Users\Lenovo\AppData\Roaming\npm;C:\Program Files\JetBrains\IntelliJ IDEA Community Edition 2023.2.4\bin;
USERNAME=Lenovo
OS=Windows_NT
PROCESSOR_IDENTIFIER=Intel64 Family 6 Model 126 Stepping 5, GenuineIntel
TMP=C:\Users\Lenovo\AppData\Local\Temp
TEMP=C:\Users\Lenovo\AppData\Local\Temp




---------------  S Y S T E M  ---------------

OS:
 Windows 10 , 64 bit Build 19041 (10.0.19041.3636)
OS uptime: 4 days 3:21 hours

CPU: total 8 (initial active 8) (4 cores per cpu, 2 threads per core) family 6 model 126 stepping 5 microcode 0xb2, cx8, cmov, fxsr, ht, mmx, 3dnowpref, sse, sse2, sse3, ssse3, sse4.1, sse4.2, popcnt, lzcnt, tsc, tscinvbit, avx, avx2, aes, erms, clmul, bmi1, bmi2, adx, avx512f, avx512dq, avx512cd, avx512bw, avx512vl, sha, fma, vzeroupper, avx512_vpopcntdq, avx512_vpclmulqdq, avx512_vaes, avx512_vnni, clflush, clflushopt, avx512_vbmi2, avx512_vbmi, rdtscp, rdpid, fsrm, gfni, avx512_bitalg, f16c, pku, avx512_ifma
Processor Information for all 8 processors :
  Max Mhz: 1498, Current Mhz: 1298, Mhz Limit: 1288

Memory: 4k page, system-wide physical 7960M (880M free)
TotalPageFile size 10960M (AvailPageFile size 117M)
current process WorkingSet (physical memory assigned to process): 10M, peak: 10M
current process commit charge ("private bytes"): 60M, peak: 186M

vm_info: Java HotSpot(TM) 64-Bit Server VM (21+35-LTS-2513) for windows-amd64 JRE (21+35-LTS-2513), built on 2023-08-09T20:25:10Z by "mach5one" with MS VC++ 17.1 (VS2022)

END.
